<?xml version="1.0" encoding="UTF-8"?>
<!-- Generated by org.testng.reporters.JUnitXMLReporter -->
<testsuite ignored="0" hostname="RGCWP16JWC" failures="0" tests="5" name="Surefire test" time="56.833" errors="0" timestamp="2025-03-12T20:28:10 WIB">
  <testcase classname="io.cucumber.testng.AbstractTestNGCucumberTests" name="runScenario" time="9.259"/>
  <testcase classname="io.cucumber.testng.AbstractTestNGCucumberTests" name="runScenario" time="12.923"/>
  <testcase classname="io.cucumber.testng.AbstractTestNGCucumberTests" name="runScenario" time="12.907"/>
  <testcase classname="automation.StandAloneTesNGImpl2Test" name="createOrder" time="3.592"/>
  <testcase classname="automation.StandAloneTesNGImplTest" name="createOrder" time="3.436"/>
</testsuite> <!-- Surefire test -->
