<?xml version="1.0" encoding="UTF-8"?>
<testng-results ignored="0" total="2" passed="2" failed="0" skipped="0">
  <reporter-output>
  </reporter-output>
  <suite started-at="2025-03-05T20:26:47 WIB" name="Surefire suite" finished-at="2025-03-05T20:27:12 WIB" duration-ms="24575">
    <groups>
    </groups>
    <test started-at="2025-03-05T20:26:47 WIB" name="Surefire test" finished-at="2025-03-05T20:27:12 WIB" duration-ms="24575">
      <class name="automation.StandAloneTesNGImpl2Test">
        <test-method is-config="true" signature="setUp()[pri:0, instance:automation.StandAloneTesNGImpl2Test@757277dc]" started-at="2025-03-05T20:26:47 WIB" name="setUp" finished-at="2025-03-05T20:26:56 WIB" duration-ms="8405" status="PASS">
          <reporter-output>
          </reporter-output>
        </test-method> <!-- setUp -->
        <test-method signature="createOrder(java.util.HashMap)[pri:0, instance:automation.StandAloneTesNGImpl2Test@757277dc]" started-at="2025-03-05T20:26:56 WIB" name="createOrder" data-provider="dataTestMapping" finished-at="2025-03-05T20:27:00 WIB" duration-ms="3938" status="PASS">
          <params>
            <param index="0">
              <value>
                <![CDATA[{password=XBf@rWNvByn!#K8, userEmail=simanjuntakalbert57@gmail.com, productName=ADIDAS ORIGINAL}]]>
              </value>
            </param>
          </params>
          <reporter-output>
          </reporter-output>
        </test-method> <!-- createOrder -->
        <test-method is-config="true" signature="tearDown()[pri:0, instance:automation.StandAloneTesNGImpl2Test@757277dc]" started-at="2025-03-05T20:27:00 WIB" name="tearDown" finished-at="2025-03-05T20:27:00 WIB" duration-ms="114" status="PASS">
          <reporter-output>
          </reporter-output>
        </test-method> <!-- tearDown -->
      </class> <!-- automation.StandAloneTesNGImpl2Test -->
      <class name="automation.StandAloneTesNGImplTest">
        <test-method is-config="true" signature="setUp()[pri:0, instance:automation.StandAloneTesNGImplTest@1356d4d4]" started-at="2025-03-05T20:27:00 WIB" name="setUp" finished-at="2025-03-05T20:27:08 WIB" duration-ms="8036" status="PASS">
          <reporter-output>
          </reporter-output>
        </test-method> <!-- setUp -->
        <test-method signature="createOrder(java.util.HashMap)[pri:0, instance:automation.StandAloneTesNGImplTest@1356d4d4]" started-at="2025-03-05T20:27:08 WIB" name="createOrder" data-provider="dataTestMapping" finished-at="2025-03-05T20:27:12 WIB" duration-ms="3983" status="PASS">
          <params>
            <param index="0">
              <value>
                <![CDATA[{password=XBf@rWNvByn!#K8, userEmail=simanjuntakalbert57@gmail.com, productName=ADIDAS ORIGINAL}]]>
              </value>
            </param>
          </params>
          <reporter-output>
          </reporter-output>
        </test-method> <!-- createOrder -->
        <test-method is-config="true" signature="tearDown()[pri:0, instance:automation.StandAloneTesNGImplTest@1356d4d4]" started-at="2025-03-05T20:27:12 WIB" name="tearDown" finished-at="2025-03-05T20:27:12 WIB" duration-ms="76" status="PASS">
          <reporter-output>
          </reporter-output>
        </test-method> <!-- tearDown -->
      </class> <!-- automation.StandAloneTesNGImplTest -->
    </test> <!-- Surefire test -->
  </suite> <!-- Surefire suite -->
</testng-results>
